This is pdfTeX, Version 3.14159265-2.6-1.40.18 (TeX Live 2017/Debian) (preloaded format=pdflatex 2019.6.1)  25 JUN 2019 22:49
entering extended mode
 restricted \write18 enabled.
 %&-line parsing enabled.
**arabicabstract.tex
(./arabicabstract.tex
LaTeX2e <2017-04-15>
Babel <3.18> and hyphenation patterns for 84 language(s) loaded.
(/usr/share/texlive/texmf-dist/tex/latex/base/report.cls
Document Class: report 2014/09/29 v1.4h Standard LaTeX document class
(/usr/share/texlive/texmf-dist/tex/latex/base/size11.clo
File: size11.clo 2014/09/29 v1.4h Standard LaTeX file (size option)
)
\c@part=\count79
\c@chapter=\count80
\c@section=\count81
\c@subsection=\count82
\c@subsubsection=\count83
\c@paragraph=\count84
\c@subparagraph=\count85
\c@figure=\count86
\c@table=\count87
\abovecaptionskip=\skip41
\belowcaptionskip=\skip42
\bibindent=\dimen102
)
(/usr/share/texlive/texmf-dist/tex/latex/arabtex/arabtex.sty
(/usr/share/texlive/texmf-dist/tex/latex/arabtex/aconfig.sty
LaTeX2e detected 
BABEL detected
\a@moduledate=\count88
\a@maindate=\count89
)
(/usr/share/texlive/texmf-dist/tex/latex/arabtex/arabaux.sty)
(/usr/share/texlive/texmf-dist/tex/latex/arabtex/acmd.sty)
(/usr/share/texlive/texmf-dist/tex/latex/arabtex/afonts.sty
(/usr/share/texlive/texmf-dist/tex/latex/arabtex/afonts2.sty))
(/usr/share/texlive/texmf-dist/tex/latex/arabtex/ascan.sty
(ArabTeX) scanner for code `arabtex' installed.
(ArabTeX) input encoding set to ArabTeX standard conventions.)
(/usr/share/texlive/texmf-dist/tex/latex/arabtex/aparse.sty)
(/usr/share/texlive/texmf-dist/tex/latex/arabtex/awrite.sty
(/usr/share/texlive/texmf-dist/tex/latex/arabtex/xarbsymb.sty)
(/usr/share/texlive/texmf-dist/tex/latex/arabtex/arabskel.sty)
(/usr/share/texlive/texmf-dist/tex/latex/arabtex/xarbskel.sty)
(/usr/share/texlive/texmf-dist/tex/latex/arabtex/aboxes.sty)
(/usr/share/texlive/texmf-dist/tex/latex/arabtex/arabtoks.sty)
(/usr/share/texlive/texmf-dist/tex/latex/arabtex/arabchrs.sty))
(/usr/share/texlive/texmf-dist/tex/latex/arabtex/aligs.sty)
(/usr/share/texlive/texmf-dist/tex/latex/arabtex/aoutput.sty)
(/usr/share/texlive/texmf-dist/tex/latex/arabtex/abidir.sty)
(/usr/share/texlive/texmf-dist/tex/latex/arabtex/atrans.sty
(ArabTeX) ZDMG transliteration.)
(/usr/share/texlive/texmf-dist/tex/latex/arabtex/alatex.sty
(/usr/share/texlive/texmf-dist/tex/latex/arabtex/afoot.sty))
(/usr/share/texlive/texmf-dist/tex/latex/arabtex/abjad.sty)
(/usr/share/texlive/texmf-dist/tex/latex/arabtex/apatch.sty
(/usr/share/texlive/texmf-dist/tex/latex/arabtex/alists.sty)
(/usr/share/texlive/texmf-dist/tex/latex/arabtex/asect.sty)
(/usr/share/texlive/texmf-dist/tex/latex/arabtex/atabg.sty)
(/usr/share/texlive/texmf-dist/tex/latex/arabtex/alocal.sty
(ArabTeX) 3.11 local stub, 26.02.2006))
Arabic processor `ArabTeX' [20060702 patch level 3.11s (02.07.2006)]
(ArabTeX) ... now be patient ... )
(/usr/share/texlive/texmf-dist/tex/latex/base/inputenc.sty
Package: inputenc 2015/03/17 v1.2c Input encoding file
\inpenc@prehook=\toks34
\inpenc@posthook=\toks35

(/usr/share/texlive/texmf-dist/tex/latex/base/utf8.def
File: utf8.def 2017/01/28 v1.1t UTF-8 support for inputenc
Now handling font encoding OML ...
... no UTF-8 mapping file for font encoding OML
Now handling font encoding T1 ...
... processing UTF-8 mapping file for font encoding T1

(/usr/share/texlive/texmf-dist/tex/latex/base/t1enc.dfu
File: t1enc.dfu 2017/01/28 v1.1t UTF-8 support for inputenc
   defining Unicode char U+00A0 (decimal 160)
   defining Unicode char U+00A1 (decimal 161)
   defining Unicode char U+00A3 (decimal 163)
   defining Unicode char U+00AB (decimal 171)
   defining Unicode char U+00AD (decimal 173)
   defining Unicode char U+00BB (decimal 187)
   defining Unicode char U+00BF (decimal 191)
   defining Unicode char U+00C0 (decimal 192)
   defining Unicode char U+00C1 (decimal 193)
   defining Unicode char U+00C2 (decimal 194)
   defining Unicode char U+00C3 (decimal 195)
   defining Unicode char U+00C4 (decimal 196)
   defining Unicode char U+00C5 (decimal 197)
   defining Unicode char U+00C6 (decimal 198)
   defining Unicode char U+00C7 (decimal 199)
   defining Unicode char U+00C8 (decimal 200)
   defining Unicode char U+00C9 (decimal 201)
   defining Unicode char U+00CA (decimal 202)
   defining Unicode char U+00CB (decimal 203)
   defining Unicode char U+00CC (decimal 204)
   defining Unicode char U+00CD (decimal 205)
   defining Unicode char U+00CE (decimal 206)
   defining Unicode char U+00CF (decimal 207)
   defining Unicode char U+00D0 (decimal 208)
   defining Unicode char U+00D1 (decimal 209)
   defining Unicode char U+00D2 (decimal 210)
   defining Unicode char U+00D3 (decimal 211)
   defining Unicode char U+00D4 (decimal 212)
   defining Unicode char U+00D5 (decimal 213)
   defining Unicode char U+00D6 (decimal 214)
   defining Unicode char U+00D8 (decimal 216)
   defining Unicode char U+00D9 (decimal 217)
   defining Unicode char U+00DA (decimal 218)
   defining Unicode char U+00DB (decimal 219)
   defining Unicode char U+00DC (decimal 220)
   defining Unicode char U+00DD (decimal 221)
   defining Unicode char U+00DE (decimal 222)
   defining Unicode char U+00DF (decimal 223)
   defining Unicode char U+00E0 (decimal 224)
   defining Unicode char U+00E1 (decimal 225)
   defining Unicode char U+00E2 (decimal 226)
   defining Unicode char U+00E3 (decimal 227)
   defining Unicode char U+00E4 (decimal 228)
   defining Unicode char U+00E5 (decimal 229)
   defining Unicode char U+00E6 (decimal 230)
   defining Unicode char U+00E7 (decimal 231)
   defining Unicode char U+00E8 (decimal 232)
   defining Unicode char U+00E9 (decimal 233)
   defining Unicode char U+00EA (decimal 234)
   defining Unicode char U+00EB (decimal 235)
   defining Unicode char U+00EC (decimal 236)
   defining Unicode char U+00ED (decimal 237)
   defining Unicode char U+00EE (decimal 238)
   defining Unicode char U+00EF (decimal 239)
   defining Unicode char U+00F0 (decimal 240)
   defining Unicode char U+00F1 (decimal 241)
   defining Unicode char U+00F2 (decimal 242)
   defining Unicode char U+00F3 (decimal 243)
   defining Unicode char U+00F4 (decimal 244)
   defining Unicode char U+00F5 (decimal 245)
   defining Unicode char U+00F6 (decimal 246)
   defining Unicode char U+00F8 (decimal 248)
   defining Unicode char U+00F9 (decimal 249)
   defining Unicode char U+00FA (decimal 250)
   defining Unicode char U+00FB (decimal 251)
   defining Unicode char U+00FC (decimal 252)
   defining Unicode char U+00FD (decimal 253)
   defining Unicode char U+00FE (decimal 254)
   defining Unicode char U+00FF (decimal 255)
   defining Unicode char U+0100 (decimal 256)
   defining Unicode char U+0101 (decimal 257)
   defining Unicode char U+0102 (decimal 258)
   defining Unicode char U+0103 (decimal 259)
   defining Unicode char U+0104 (decimal 260)
   defining Unicode char U+0105 (decimal 261)
   defining Unicode char U+0106 (decimal 262)
   defining Unicode char U+0107 (decimal 263)
   defining Unicode char U+0108 (decimal 264)
   defining Unicode char U+0109 (decimal 265)
   defining Unicode char U+010A (decimal 266)
   defining Unicode char U+010B (decimal 267)
   defining Unicode char U+010C (decimal 268)
   defining Unicode char U+010D (decimal 269)
   defining Unicode char U+010E (decimal 270)
   defining Unicode char U+010F (decimal 271)
   defining Unicode char U+0110 (decimal 272)
   defining Unicode char U+0111 (decimal 273)
   defining Unicode char U+0112 (decimal 274)
   defining Unicode char U+0113 (decimal 275)
   defining Unicode char U+0114 (decimal 276)
   defining Unicode char U+0115 (decimal 277)
   defining Unicode char U+0116 (decimal 278)
   defining Unicode char U+0117 (decimal 279)
   defining Unicode char U+0118 (decimal 280)
   defining Unicode char U+0119 (decimal 281)
   defining Unicode char U+011A (decimal 282)
   defining Unicode char U+011B (decimal 283)
   defining Unicode char U+011C (decimal 284)
   defining Unicode char U+011D (decimal 285)
   defining Unicode char U+011E (decimal 286)
   defining Unicode char U+011F (decimal 287)
   defining Unicode char U+0120 (decimal 288)
   defining Unicode char U+0121 (decimal 289)
   defining Unicode char U+0122 (decimal 290)
   defining Unicode char U+0123 (decimal 291)
   defining Unicode char U+0124 (decimal 292)
   defining Unicode char U+0125 (decimal 293)
   defining Unicode char U+0128 (decimal 296)
   defining Unicode char U+0129 (decimal 297)
   defining Unicode char U+012A (decimal 298)
   defining Unicode char U+012B (decimal 299)
   defining Unicode char U+012C (decimal 300)
   defining Unicode char U+012D (decimal 301)
   defining Unicode char U+012E (decimal 302)
   defining Unicode char U+012F (decimal 303)
   defining Unicode char U+0130 (decimal 304)
   defining Unicode char U+0131 (decimal 305)
   defining Unicode char U+0132 (decimal 306)
   defining Unicode char U+0133 (decimal 307)
   defining Unicode char U+0134 (decimal 308)
   defining Unicode char U+0135 (decimal 309)
   defining Unicode char U+0136 (decimal 310)
   defining Unicode char U+0137 (decimal 311)
   defining Unicode char U+0139 (decimal 313)
   defining Unicode char U+013A (decimal 314)
   defining Unicode char U+013B (decimal 315)
   defining Unicode char U+013C (decimal 316)
   defining Unicode char U+013D (decimal 317)
   defining Unicode char U+013E (decimal 318)
   defining Unicode char U+0141 (decimal 321)
   defining Unicode char U+0142 (decimal 322)
   defining Unicode char U+0143 (decimal 323)
   defining Unicode char U+0144 (decimal 324)
   defining Unicode char U+0145 (decimal 325)
   defining Unicode char U+0146 (decimal 326)
   defining Unicode char U+0147 (decimal 327)
   defining Unicode char U+0148 (decimal 328)
   defining Unicode char U+014A (decimal 330)
   defining Unicode char U+014B (decimal 331)
   defining Unicode char U+014C (decimal 332)
   defining Unicode char U+014D (decimal 333)
   defining Unicode char U+014E (decimal 334)
   defining Unicode char U+014F (decimal 335)
   defining Unicode char U+0150 (decimal 336)
   defining Unicode char U+0151 (decimal 337)
   defining Unicode char U+0152 (decimal 338)
   defining Unicode char U+0153 (decimal 339)
   defining Unicode char U+0154 (decimal 340)
   defining Unicode char U+0155 (decimal 341)
   defining Unicode char U+0156 (decimal 342)
   defining Unicode char U+0157 (decimal 343)
   defining Unicode char U+0158 (decimal 344)
   defining Unicode char U+0159 (decimal 345)
   defining Unicode char U+015A (decimal 346)
   defining Unicode char U+015B (decimal 347)
   defining Unicode char U+015C (decimal 348)
   defining Unicode char U+015D (decimal 349)
   defining Unicode char U+015E (decimal 350)
   defining Unicode char U+015F (decimal 351)
   defining Unicode char U+0160 (decimal 352)
   defining Unicode char U+0161 (decimal 353)
   defining Unicode char U+0162 (decimal 354)
   defining Unicode char U+0163 (decimal 355)
   defining Unicode char U+0164 (decimal 356)
   defining Unicode char U+0165 (decimal 357)
   defining Unicode char U+0168 (decimal 360)
   defining Unicode char U+0169 (decimal 361)
   defining Unicode char U+016A (decimal 362)
   defining Unicode char U+016B (decimal 363)
   defining Unicode char U+016C (decimal 364)
   defining Unicode char U+016D (decimal 365)
   defining Unicode char U+016E (decimal 366)
   defining Unicode char U+016F (decimal 367)
   defining Unicode char U+0170 (decimal 368)
   defining Unicode char U+0171 (decimal 369)
   defining Unicode char U+0172 (decimal 370)
   defining Unicode char U+0173 (decimal 371)
   defining Unicode char U+0174 (decimal 372)
   defining Unicode char U+0175 (decimal 373)
   defining Unicode char U+0176 (decimal 374)
   defining Unicode char U+0177 (decimal 375)
   defining Unicode char U+0178 (decimal 376)
   defining Unicode char U+0179 (decimal 377)
   defining Unicode char U+017A (decimal 378)
   defining Unicode char U+017B (decimal 379)
   defining Unicode char U+017C (decimal 380)
   defining Unicode char U+017D (decimal 381)
   defining Unicode char U+017E (decimal 382)
   defining Unicode char U+01CD (decimal 461)
   defining Unicode char U+01CE (decimal 462)
   defining Unicode char U+01CF (decimal 463)
   defining Unicode char U+01D0 (decimal 464)
   defining Unicode char U+01D1 (decimal 465)
   defining Unicode char U+01D2 (decimal 466)
   defining Unicode char U+01D3 (decimal 467)
   defining Unicode char U+01D4 (decimal 468)
   defining Unicode char U+01E2 (decimal 482)
   defining Unicode char U+01E3 (decimal 483)
   defining Unicode char U+01E6 (decimal 486)
   defining Unicode char U+01E7 (decimal 487)
   defining Unicode char U+01E8 (decimal 488)
   defining Unicode char U+01E9 (decimal 489)
   defining Unicode char U+01EA (decimal 490)
   defining Unicode char U+01EB (decimal 491)
   defining Unicode char U+01F0 (decimal 496)
   defining Unicode char U+01F4 (decimal 500)
   defining Unicode char U+01F5 (decimal 501)
   defining Unicode char U+0218 (decimal 536)
   defining Unicode char U+0219 (decimal 537)
   defining Unicode char U+021A (decimal 538)
   defining Unicode char U+021B (decimal 539)
   defining Unicode char U+0232 (decimal 562)
   defining Unicode char U+0233 (decimal 563)
   defining Unicode char U+1E02 (decimal 7682)
   defining Unicode char U+1E03 (decimal 7683)
   defining Unicode char U+200C (decimal 8204)
   defining Unicode char U+2010 (decimal 8208)
   defining Unicode char U+2011 (decimal 8209)
   defining Unicode char U+2012 (decimal 8210)
   defining Unicode char U+2013 (decimal 8211)
   defining Unicode char U+2014 (decimal 8212)
   defining Unicode char U+2015 (decimal 8213)
   defining Unicode char U+2018 (decimal 8216)
   defining Unicode char U+2019 (decimal 8217)
   defining Unicode char U+201A (decimal 8218)
   defining Unicode char U+201C (decimal 8220)
   defining Unicode char U+201D (decimal 8221)
   defining Unicode char U+201E (decimal 8222)
   defining Unicode char U+2030 (decimal 8240)
   defining Unicode char U+2031 (decimal 8241)
   defining Unicode char U+2039 (decimal 8249)
   defining Unicode char U+203A (decimal 8250)
   defining Unicode char U+2423 (decimal 9251)
   defining Unicode char U+1E20 (decimal 7712)
   defining Unicode char U+1E21 (decimal 7713)
)
Now handling font encoding OT1 ...
... processing UTF-8 mapping file for font encoding OT1

(/usr/share/texlive/texmf-dist/tex/latex/base/ot1enc.dfu
File: ot1enc.dfu 2017/01/28 v1.1t UTF-8 support for inputenc
   defining Unicode char U+00A0 (decimal 160)
   defining Unicode char U+00A1 (decimal 161)
   defining Unicode char U+00A3 (decimal 163)
   defining Unicode char U+00AD (decimal 173)
   defining Unicode char U+00B8 (decimal 184)
   defining Unicode char U+00BF (decimal 191)
   defining Unicode char U+00C5 (decimal 197)
   defining Unicode char U+00C6 (decimal 198)
   defining Unicode char U+00D8 (decimal 216)
   defining Unicode char U+00DF (decimal 223)
   defining Unicode char U+00E6 (decimal 230)
   defining Unicode char U+00EC (decimal 236)
   defining Unicode char U+00ED (decimal 237)
   defining Unicode char U+00EE (decimal 238)
   defining Unicode char U+00EF (decimal 239)
   defining Unicode char U+00F8 (decimal 248)
   defining Unicode char U+0131 (decimal 305)
   defining Unicode char U+0141 (decimal 321)
   defining Unicode char U+0142 (decimal 322)
   defining Unicode char U+0152 (decimal 338)
   defining Unicode char U+0153 (decimal 339)
   defining Unicode char U+0174 (decimal 372)
   defining Unicode char U+0175 (decimal 373)
   defining Unicode char U+0176 (decimal 374)
   defining Unicode char U+0177 (decimal 375)
   defining Unicode char U+0218 (decimal 536)
   defining Unicode char U+0219 (decimal 537)
   defining Unicode char U+021A (decimal 538)
   defining Unicode char U+021B (decimal 539)
   defining Unicode char U+2013 (decimal 8211)
   defining Unicode char U+2014 (decimal 8212)
   defining Unicode char U+2018 (decimal 8216)
   defining Unicode char U+2019 (decimal 8217)
   defining Unicode char U+201C (decimal 8220)
   defining Unicode char U+201D (decimal 8221)
)
Now handling font encoding OMS ...
... processing UTF-8 mapping file for font encoding OMS

(/usr/share/texlive/texmf-dist/tex/latex/base/omsenc.dfu
File: omsenc.dfu 2017/01/28 v1.1t UTF-8 support for inputenc
   defining Unicode char U+00A7 (decimal 167)
   defining Unicode char U+00B6 (decimal 182)
   defining Unicode char U+00B7 (decimal 183)
   defining Unicode char U+2020 (decimal 8224)
   defining Unicode char U+2021 (decimal 8225)
   defining Unicode char U+2022 (decimal 8226)
)
Now handling font encoding OMX ...
... no UTF-8 mapping file for font encoding OMX
Now handling font encoding U ...
... no UTF-8 mapping file for font encoding U
   defining Unicode char U+00A9 (decimal 169)
   defining Unicode char U+00AA (decimal 170)
   defining Unicode char U+00AE (decimal 174)
   defining Unicode char U+00BA (decimal 186)
   defining Unicode char U+02C6 (decimal 710)
   defining Unicode char U+02DC (decimal 732)
   defining Unicode char U+200C (decimal 8204)
   defining Unicode char U+2026 (decimal 8230)
   defining Unicode char U+2122 (decimal 8482)
   defining Unicode char U+2423 (decimal 9251)
))
(/usr/share/texlive/texmf-dist/tex/generic/babel/babel.sty
Package: babel 2018/02/14 3.18 The Babel package

(/usr/share/texlive/texmf-dist/tex/generic/babel/switch.def
File: switch.def 2018/02/14 3.18 Babel switching mechanism
)
(/usr/share/texlive/texmf-dist/tex/latex/arabi/arabic.ldf
File: arabic.ldf 
Language: arabic 2006/01/01 v0.1 Arabic support for the babel system

(/usr/share/texlive/texmf-dist/tex/generic/babel/babel.def
File: babel.def 2018/02/14 3.18 Babel common definitions
\babel@savecnt=\count119
\U@D=\dimen125

(/usr/share/texlive/texmf-dist/tex/generic/babel/txtbabel.def)
\bbl@dirlevel=\count120
)
Loading the definitions for the LaTeX{} Arabic encoding
(/usr/share/texlive/texmf-dist/tex/latex/arabi/laeenc.def
File: laeenc.def 2006/01/01 v0.1 Local Arabic font encoding (test version: may 
change)
Now handling font encoding LAE ...
... processing UTF-8 mapping file for font encoding LAE

(/usr/share/texlive/texmf-dist/tex/latex/arabi/laeenc.dfu
File: laeenc.dfu 2006/01/01 v1.0 UTF-8 support for Arabic and Farsi for use wit
h inputenc
   defining Unicode char U+066A (decimal 1642)
   defining Unicode char U+060C (decimal 1548)
   defining Unicode char U+0660 (decimal 1632)
   defining Unicode char U+0661 (decimal 1633)
   defining Unicode char U+0662 (decimal 1634)
   defining Unicode char U+0663 (decimal 1635)
   defining Unicode char U+0664 (decimal 1636)
   defining Unicode char U+0665 (decimal 1637)
   defining Unicode char U+0666 (decimal 1638)
   defining Unicode char U+0667 (decimal 1639)
   defining Unicode char U+0668 (decimal 1640)
   defining Unicode char U+0669 (decimal 1641)
   defining Unicode char U+061B (decimal 1563)
   defining Unicode char U+061F (decimal 1567)
   defining Unicode char U+0621 (decimal 1569)
   defining Unicode char U+0622 (decimal 1570)
   defining Unicode char U+0623 (decimal 1571)
   defining Unicode char U+0624 (decimal 1572)
   defining Unicode char U+0625 (decimal 1573)
   defining Unicode char U+0626 (decimal 1574)
   defining Unicode char U+0627 (decimal 1575)
   defining Unicode char U+0628 (decimal 1576)
   defining Unicode char U+0629 (decimal 1577)
   defining Unicode char U+062A (decimal 1578)
   defining Unicode char U+062B (decimal 1579)
   defining Unicode char U+062C (decimal 1580)
   defining Unicode char U+062D (decimal 1581)
   defining Unicode char U+062E (decimal 1582)
   defining Unicode char U+062F (decimal 1583)
   defining Unicode char U+0630 (decimal 1584)
   defining Unicode char U+0631 (decimal 1585)
   defining Unicode char U+0632 (decimal 1586)
   defining Unicode char U+0633 (decimal 1587)
   defining Unicode char U+0634 (decimal 1588)
   defining Unicode char U+0635 (decimal 1589)
   defining Unicode char U+0636 (decimal 1590)
   defining Unicode char U+0637 (decimal 1591)
   defining Unicode char U+0638 (decimal 1592)
   defining Unicode char U+0639 (decimal 1593)
   defining Unicode char U+063A (decimal 1594)
   defining Unicode char U+0640 (decimal 1600)
   defining Unicode char U+0641 (decimal 1601)
   defining Unicode char U+0642 (decimal 1602)
   defining Unicode char U+0643 (decimal 1603)
   defining Unicode char U+0644 (decimal 1604)
   defining Unicode char U+0645 (decimal 1605)
   defining Unicode char U+0646 (decimal 1606)
   defining Unicode char U+0647 (decimal 1607)
   defining Unicode char U+0648 (decimal 1608)
   defining Unicode char U+0649 (decimal 1609)
   defining Unicode char U+064A (decimal 1610)
   defining Unicode char U+064B (decimal 1611)
   defining Unicode char U+064C (decimal 1612)
   defining Unicode char U+064D (decimal 1613)
   defining Unicode char U+064E (decimal 1614)
   defining Unicode char U+064F (decimal 1615)
   defining Unicode char U+0650 (decimal 1616)
   defining Unicode char U+0651 (decimal 1617)
   defining Unicode char U+0652 (decimal 1618)
   defining Unicode char U+067E (decimal 1662)
   defining Unicode char U+0686 (decimal 1670)
   defining Unicode char U+0698 (decimal 1688)
   defining Unicode char U+06A9 (decimal 1705)
   defining Unicode char U+06AF (decimal 1711)
   defining Unicode char U+06CC (decimal 1740)
   defining Unicode char U+06F0 (decimal 1776)
   defining Unicode char U+06F1 (decimal 1777)
   defining Unicode char U+06F2 (decimal 1778)
   defining Unicode char U+06F3 (decimal 1779)
   defining Unicode char U+06F4 (decimal 1780)
   defining Unicode char U+06F5 (decimal 1781)
   defining Unicode char U+06F6 (decimal 1782)
   defining Unicode char U+06F7 (decimal 1783)
   defining Unicode char U+06F8 (decimal 1784)
   defining Unicode char U+06F9 (decimal 1785)
   defining Unicode char U+200C (decimal 8204)
   defining Unicode char U+06D5 (decimal 1749)
))
Loading the Common definitions for Arabic and Farsi
(/usr/share/texlive/texmf-dist/tex/latex/arabi/arabicore.sty
  Arabi Core switching commands v1.0  2006/01/01   (may still change)  
\n@everypar=\toks36
\@Arabitempboxa=\box41
\llahheight=\skip45
\Decimalheight=\skip46
)
LaTeX Font Info:    Redeclaring font encoding LAE on input line 144.

Loading the Arabi fonts definitions for Arabic
(/usr/share/texlive/texmf-dist/tex/latex/arabi/arabicfnt.sty
  Arabic font switching commands v1.0  2006/01/01   (may still change)  
LaTeX Info: Redefining \times on input line 102.
LaTeX Info: Redefining \omega on input line 137.
)
Loading the Common definitions for Arabic and Farsi
(/usr/share/texlive/texmf-dist/tex/latex/arabi/arabnovowel.sty
File: arabnovowel.sty 2005/09/07 v0.1 Arabic dummy vowel slots when needed
\ArabiStruthightOFF=\skip47
\ArabiStrutdepthOFF=\skip48
\ArabiStruthightON=\skip49
\ArabiStrutdepthON=\skip50
LaTeX Font Info:    Try loading font information for LAE+cmr on input line 133.


(/usr/share/texlive/texmf-dist/tex/latex/arabi/laecmr.fd
File: laecmr.fd 2006/01/01 v0.1 LaTeX Arabic default font description (test ver
sion: may change)
)
LaTeX Font Info:    Font shape `LAE/cmr/m/n' will be
(Font)              scaled to size 12.5pt on input line 133.
)
*************************************
* Local config file arabic.cfg used
*
(/usr/share/texlive/texmf-dist/tex/latex/arabi/arabic.cfg))
(/usr/share/texlive/texmf-dist/tex/generic/babel-english/english.ldf
Language: english 2017/06/06 v3.3r English support from the babel system
\l@canadian = a dialect from \language\l@american 
\l@australian = a dialect from \language\l@british 
\l@newzealand = a dialect from \language\l@british 
))
(./arabicabstract.aux)
\openout1 = `arabicabstract.aux'.

LaTeX Font Info:    Checking defaults for OML/cmm/m/it on input line 14.
LaTeX Font Info:    ... okay on input line 14.
LaTeX Font Info:    Checking defaults for T1/cmr/m/n on input line 14.
LaTeX Font Info:    ... okay on input line 14.
LaTeX Font Info:    Checking defaults for OT1/cmr/m/n on input line 14.
LaTeX Font Info:    ... okay on input line 14.
LaTeX Font Info:    Checking defaults for OMS/cmsy/m/n on input line 14.
LaTeX Font Info:    ... okay on input line 14.
LaTeX Font Info:    Checking defaults for OMX/cmex/m/n on input line 14.
LaTeX Font Info:    ... okay on input line 14.
LaTeX Font Info:    Checking defaults for U/cmr/m/n on input line 14.
LaTeX Font Info:    ... okay on input line 14.
LaTeX Font Info:    Checking defaults for LAE/cmr/m/n on input line 14.
LaTeX Font Info:    ... okay on input line 14.
 ArabTeX is aleready loaded,  No support is provided
with ArabTeX 7 bit input encoding
(/usr/share/texlive/texmf-dist/tex/latex/base/ifthen.sty
Package: ifthen 2014/09/29 v1.1c Standard LaTeX ifthen package (DPC)
)
(/usr/share/texlive/texmf-dist/tex/latex/arabtex/apatch.sty
\a@lines=\count121
\a@Lwidth=\dimen126
\a@displaywidth=\dimen127

(/usr/share/texlive/texmf-dist/tex/latex/arabtex/alocal.sty
(ArabTeX) 3.11 local stub, 26.02.2006)
(ArabTeX) version 3.11s (02.07.2006): second phase of patching)
LaTeX Font Info:    Font shape `LAE/cmr/m/n' will be
(Font)              scaled to size 13.68748pt on input line 16.
LaTeX Font Info:    Font shape `LAE/cmr/bx/n' in size <10.95> not available
(Font)              Font shape `LAE/cmr/b/n' tried instead on input line 18.
LaTeX Font Info:    Font shape `LAE/cmr/b/n' will be
(Font)              scaled to size 13.68748pt on input line 18.
 [1

{/var/lib/texmf/fonts/map/pdftex/updmap/pdftex.map}] (./arabicabstract.aux)

 *File List*
  report.cls    2014/09/29 v1.4h Standard LaTeX document class
  size11.clo    2014/09/29 v1.4h Standard LaTeX file (size option)
 arabtex.sty    2003/08/22  3.11 ArabTeX main module
 arabaux.sty    2003/05/21  3.11 auxiliary macros for ArabTeX
    acmd.sty    2003/08/20  3.11 Arabic command processing 
  afonts.sty    1995/11/16  3.04 define Naskh font 
 afonts2.sty    1998/10/19  3.10 define Naskh fonts for LaTeX2e
   ascan.sty    2003/08/22  3.11 standard ZDMG input encoding 
  aparse.sty    2003/05/26  3.11 get syllables 
  awrite.sty    2003/06/05  3.11 build output word 
xarbsymb.sty    1998/07/15  3.07 symbolic output encoding 
arabskel.sty    2000/06/04  3.10 character skeleton definitions 
xarbskel.sty    1999/07/17  3.09 character skeleton definitions 
  aboxes.sty    2003/05/28  3.11 build output boxes
arabtoks.sty    1999/07/17  3.09 ArabTeX CS token definitions 
arabchrs.sty    1998/07/11  3.07 letter token definitions 
   aligs.sty    2003/05/26  3.11 compute ligatures
 aoutput.sty    2000/06/04  3.10 build output lines
  abidir.sty    2003/08/22  3.11 bidirectional linebreaking
  atrans.sty    2003/06/14  3.11 generate the transliteration 
  alatex.sty    2003/05/04  3.11 ArabTeX extensions for LaTeX 
   afoot.sty    2003/05/12  3.11 ArabTeX footnotes
   abjad.sty    2003/04/26  3.11 abjad numerals 
  apatch.sty    2006/07/02  3.11s last minute patches 
  alists.sty    2003/04/26  3.11 inverted list macros
   asect.sty    2003/04/26  3.11 section macros for Arabic
   atabg.sty    1997/01/21  3.05 LaTeX tabbing macros for Arabic
inputenc.sty    2015/03/17 v1.2c Input encoding file
    utf8.def    2017/01/28 v1.1t UTF-8 support for inputenc
   t1enc.dfu    2017/01/28 v1.1t UTF-8 support for inputenc
  ot1enc.dfu    2017/01/28 v1.1t UTF-8 support for inputenc
  omsenc.dfu    2017/01/28 v1.1t UTF-8 support for inputenc
   babel.sty    2018/02/14 3.18 The Babel package
  arabic.ldf    2006/01/01 v0.1 Arabic support for the babel system
  laeenc.def    2006/01/01 v0.1 Local Arabic font encoding (test version: may c
hange)
  laeenc.dfu    2006/01/01 v1.0 UTF-8 support for Arabic and Farsi for use with
 inputenc
arabicore.sty
arabicfnt.sty
arabnovowel.sty    2005/09/07 v0.1 Arabic dummy vowel slots when needed
  laecmr.fd    2006/01/01 v0.1 LaTeX Arabic default font description (test vers
ion: may change)
  arabic.cfg
 english.ldf    2017/06/06 v3.3r English support from the babel system
  ifthen.sty    2014/09/29 v1.1c Standard LaTeX ifthen package (DPC)
  apatch.sty    2006/07/02  3.11s last minute patches 
 ***********

 ) 
Here is how much of TeX's memory you used:
 4022 strings out of 492982
 40132 string characters out of 6134897
 125510 words of memory out of 5000000
 7526 multiletter control sequences out of 15000+600000
 17308 words of font info for 19 fonts, out of 8000000 for 9000
 1141 hyphenation exceptions out of 8191
 30i,4n,23p,445b,492s stack positions out of 5000i,500n,10000p,200000b,80000s
{/usr/share/texlive/texmf-dist/fonts/enc/dvips/arabi/ararabeyes.enc}</usr/sha
re/texlive/texmf-dist/fonts/type1/arabi/arabeyes/ae_almateen.pfb></usr/share/te
xlive/texmf-dist/fonts/type1/arabi/arabeyes/ae_almohanad_bold.pfb></usr/share/t
exlive/texmf-dist/fonts/type1/public/amsfonts/cm/cmr10.pfb>
Output written on arabicabstract.pdf (1 page, 46992 bytes).
PDF statistics:
 21 PDF objects out of 1000 (max. 8388607)
 14 compressed objects within 1 object stream
 0 named destinations out of 1000 (max. 500000)
 1 words of extra memory for PDF output out of 10000 (max. 10000000)

